=============== Evaluation Summary ===============
Accuracy: 80.0%
Correct: 8/10

=============== Case Studies ===============

CORRECT EXAMPLES:
Q: Every shumpus is a rempus. Every shumpus is a yimpus. Every terpus is a fompus. Every terpus is a gerpus. Every gerpus is a brimpus. Alex is a rempus. Every rorpus is a scrompus. Every rorpus is a yimpus. Every terpus is a brimpus. Every brimpus is a lempus. Tom is a terpus. Every shumpus is a timpus. Every yimpus is a boompus. Davis is a shumpus. Every gerpus is a lorpus. Davis is a fompus. Every shumpus is a boompus. Every shumpus is a rorpus. Every terpus is a lorpus. Every boompus is a timpus. Every fompus is a yerpus. Tom is a dumpus. Every rempus is a rorpus. Is Tom a lempus or scrompus?
Expected: Tom is a lempus.
Parsed: Tom is a lempus.
Full Response:
Reasoning:
1. Tom is a terpus.
2. Every terpus is a brimpus.
3. Every brimpus is a lempus.
Final Answer: Tom is a lempus.
----------------------------------------
Q: Sally is a zhorpus. Every yumpus is a fompus. Every zhorpus is a rempus. Every rompus is a sterpus. Every kerpus is a timpus. Stella is a yumpus. Every zhorpus is a zumpus. Every wumpus is a yumpus. Sally is a rempus. Stella is a wumpus. Every zumpus is a rorpus. Sally is a rompus. Every numpus is a bompus. Every zumpus is a scrompus. Every rempus is a kerpus. Every zumpus is a vumpus. Every timpus is a yerpus. Every rempus is a numpus. Every vumpus is a worpus. Every rompus is a felpus. Every wumpus is a sterpus. Every rompus is a kerpus. Every zumpus is a rempus. Every rempus is a chorpus. Bob is a rorpus. Every wumpus is a fompus. Sally is a kerpus. Every zhorpus is a rompus. Is Sally a fompus or worpus?
Expected: Sally is a worpus.
Parsed: Sally is a worpus.
Full Response:
Reasoning:
1. Sally is a zhorpus.
2. Every zhorpus is a rempus.
3. Every rempus is a kerpus.
4. Every kerpus is a timpus.
5. Every timpus is a yerpus.
6. Stella is a yumpus.
7. Every yumpus is a fompus.
8. Every wumpus is a yumpus.
9. Stella is a wumpus.
10. Every zhorpus is a zumpus.
11. Every zumpus is a rorpus.
12. Bob is a rorpus.
13. Every wumpus is a fompus.
14. Every zhorpus is a rompus.
15. Every rompus is a felpus.
16. Every wumpus is a sterpus.
17. Every rompus is a kerpus.
18. Every zumpus is a rempus.
19. Every rempus is a chorpus.
20. Every zumpus is a vumpus.
21. Every vumpus is a worpus.
22. Every rempus is a numpus.
23. Every numpus is a bompus.
24. Every zumpus is a scrompus.
25. Sally is a kerpus.
26. Every kerpus is a timpus.
27. Every timpus is a yerpus.
28. Every yerpus is a worpus.
Final Answer: Sally is a worpus.
----------------------------------------
Q: Every shumpus is a yumpus. Every worpus is a yimpus. Every shumpus is a gwompus. Every tumpus is a boompus. Every worpus is a shumpus. Every storpus is a terpus. Max is a yimpus. Every shumpus is a rompus. Every wumpus is a jelpus. Every boompus is a terpus. Fae is a tumpus. Every tumpus is a worpus. Every rompus is a gorpus. Every timpus is a impus. Every jompus is a gerpus. Every boompus is a rompus. Fae is a boompus. Every boompus is a kerpus. Every zumpus is a bompus. Max is a rempus. Every rompus is a kerpus. Max is a impus. Every rempus is a impus. Every wumpus is a yumpus. Every grimpus is a terpus. Every tumpus is a jompus. Every yumpus is a felpus. Every jelpus is a felpus. Every shumpus is a felpus. Every rempus is a timpus. Every storpus is a jompus. Every rompus is a storpus. Every tumpus is a wumpus. Every wumpus is a jompus. Every boompus is a worpus. Fae is a storpus. Every worpus is a jelpus. Every grimpus is a felpus. Every worpus is a yumpus. Every rempus is a zumpus. Every kerpus is a grimpus. Is Fae a gwompus or bompus?
Expected: Fae is a gwompus.
Parsed: Fae is a gwompus.
Full Response:
Reasoning:
1. Fae is a tumpus.
2. Every tumpus is a worpus.
3. Every worpus is a shumpus.
4. Every shumpus is a gwompus.
5. Therefore, Fae is a gwompus.

Final Answer: Fae is a gwompus.
----------------------------------------

INCORRECT EXAMPLES:
Q: Every felpus is a chorpus. Every fompus is a felpus. Every terpus is a zumpus. Every dumpus is a yumpus. Davis is a zhorpus. Every terpus is a felpus. Every terpus is a chorpus. Oliver is a gorpus. Every zhorpus is a tumpus. Every yumpus is a chorpus. Oliver is a impus. Every gwompus is a zhorpus. Every gwompus is a zumpus. Every yumpus is a zhorpus. Every impus is a yerpus. Oliver is a yerpus. Every fompus is a chorpus. Every felpus is a tumpus. Every rorpus is a yerpus. Every dumpus is a fompus. Every jompus is a zumpus. Oliver is a rorpus. Every timpus is a zhorpus. Every dumpus is a tumpus. Every impus is a grimpus. Every timpus is a zumpus. Every timpus is a tumpus. Sally is a tumpus. Every fompus is a timpus. Davis is a yumpus. Every fompus is a jompus. Every grimpus is a tumpus. Every fompus is a terpus. Every timpus is a terpus. Every zhorpus is a rempus. Every timpus is a rempus. Every terpus is a tumpus. Davis is a dumpus. Every rorpus is a impus. Every terpus is a rempus. Every grimpus is a sterpus. Every dumpus is a zhorpus. Davis is a gorpus. Every gwompus is a fompus. Every yumpus is a gwompus. Is Oliver a zumpus or sterpus?
Expected: Oliver is a sterpus.
Parsed: Oliver is a zumpus.
Full Response:
Reasoning:
1. Oliver is a gorpus.
2. Every gorpus is a zhorpus.
3. Every zhorpus is a tumpus.
4. Every tumpus is a zumpus.
Final Answer: Oliver is a zumpus.
----------------------------------------
Q: Every rorpus is a numpus. Every chorpus is a storpus. Every shumpus is a timpus. Every quimpus is a worpus. Every zhorpus is a chorpus. Every gerpus is a fompus. Every tumpus is a bompus. Every tumpus is a terpus. Every jelpus is a fompus. Every boompus is a numpus. Every storpus is a shumpus. Every chorpus is a numpus. Every rorpus is a timpus. Sally is a rempus. Every boompus is a quimpus. Every timpus is a gorpus. Every rorpus is a chorpus. Every rempus is a tumpus. Every tumpus is a quimpus. Sally is a terpus. Every chorpus is a vumpus. Every gerpus is a terpus. Every jelpus is a gerpus. Every gerpus is a dumpus. Every fompus is a terpus. Every zhorpus is a storpus. Every chorpus is a sterpus. Every storpus is a hilpus. Rex is a zhorpus. Every jompus is a quimpus. Every tumpus is a gerpus. Every tumpus is a gorpus. Every tumpus is a numpus. Every wumpus is a shumpus. Every fompus is a dumpus. Every chorpus is a shumpus. Every rempus is a jompus. Every jompus is a terpus. Every rorpus is a shumpus. Every sterpus is a timpus. Every zhorpus is a rorpus. Every rempus is a jelpus. Sally is a quimpus. Every rorpus is a storpus. Every wumpus is a vumpus. Rex is a wumpus. Every storpus is a zumpus. Every tumpus is a boompus. Every jelpus is a zumpus. Is Sally a vumpus or dumpus?
Expected: Sally is a dumpus.
Parsed: Sally is a numpus
Full Response:
Reasoning:
1. Sally is a rempus.
2. Every rempus is a tumpus.
3. Every tumpus is a quimpus.
4. Every quimpus is a worpus.
5. Every worpus is a numpus.
6. Therefore, Sally is a numpus.
Final Answer: Sally is a numpus
----------------------------------------
